==============================================================================
Suites                                                                        
==============================================================================
Suites.RestfulBookingSuite                                                    
==============================================================================
TC1 - Booking - Get All Booking IDs                                   | PASS |
------------------------------------------------------------------------------
TC2 - Booking - Get Booking Data By Specific Booking ID               | PASS |
------------------------------------------------------------------------------
TC3 - Delete Booking by passing booking ID                            | PASS |
------------------------------------------------------------------------------
TC4 - Create Booking From Json Data                                   | PASS |
------------------------------------------------------------------------------
TC5 - Update Booking Data                                             | PASS |
------------------------------------------------------------------------------
Suites.RestfulBookingSuite                                            | PASS |
5 tests, 5 passed, 0 failed
==============================================================================
Suites                                                                | PASS |
5 tests, 5 passed, 0 failed
==============================================================================
Output:  C:\Users\DELL\Documents\Automation\Robot-Framework\Projects\Final-Good practices\RobotFramework\STCS_APITestingUsingRF\Results\pabot_results\0\output.xml
